<?xml version="1.0" encoding="UTF-8"?>
<!-- Generated by org.testng.reporters.JUnitXMLReporter -->
<testsuite ignored="0" hostname="hp" failures="0" tests="3" name="Cloudmore Test" time="12.537" errors="0" timestamp="2023-04-03T16:42:10 IST">
  <testcase classname="CloudmoreTestSuite" name="verifyCloudMoreLogo" time="4.886"/>
  <testcase classname="CloudmoreTestSuite" name="verifyCloudMoreMenuItems" time="4.114"/>
  <testcase classname="CloudmoreTestSuite" name="searchTextAndVerifyResultCountWithScreenshot" time="3.411"/>
</testsuite> <!-- Cloudmore Test -->
